Determining if the pthread_create exist failed with the following output:
Change Dir: /home/user/my_catkin_ws/build/CMakeFiles/CMakeTmp

Run Build Command:/usr/bin/make "cmTryCompileExec1619958357/fast"
/usr/bin/make -f CMakeFiles/cmTryCompileExec1619958357.dir/build.make CMakeFiles/cmTryCompileExec1619958357.dir/build
make[1]: Entering directory `/home/user/my_catkin_ws/build/CMakeFiles/CMakeTmp'
/usr/bin/cmake -E cmake_progress_report /home/user/my_catkin_ws/build/CMakeFiles/CMakeTmp/CMakeFiles 1
Building C object CMakeFiles/cmTryCompileExec1619958357.dir/CheckSymbolExists.c.o
/usr/bin/cc    -o CMakeFiles/cmTryCompileExec1619958357.dir/CheckSymbolExists.c.o   -c /home/user/my_catkin_ws/build/CMakeFiles/CMakeTmp/CheckSymbolExists.c
Linking C executable cmTryCompileExec1619958357
/usr/bin/cmake -E cmake_link_script CMakeFiles/cmTryCompileExec1619958357.dir/link.txt --verbose=1
/usr/bin/cc       CMakeFiles/cmTryCompileExec1619958357.dir/CheckSymbolExists.c.o  -o cmTryCompileExec1619958357 -rdynamic 
CMakeFiles/cmTryCompileExec1619958357.dir/CheckSymbolExists.c.o: In function `main':
CheckSymbolExists.c:(.text+0x16): undefined reference to `pthread_create'
collect2: error: ld returned 1 exit status
make[1]: *** [cmTryCompileExec1619958357] Error 1
make[1]: Leaving directory `/home/user/my_catkin_ws/build/CMakeFiles/CMakeTmp'
make: *** [cmTryCompileExec1619958357/fast] Error 2

File /home/user/my_catkin_ws/build/CMakeFiles/CMakeTmp/CheckSymbolExists.c:
/* */
#include <pthread.h>

int main(int argc, char** argv)
{
  (void)argv;
#ifndef pthread_create
  return ((int*)(&pthread_create))[argc];
#else
  (void)argc;
  return 0;
#endif
}

Determining if the function pthread_create exists in the pthreads failed with the following output:
Change Dir: /home/user/my_catkin_ws/build/CMakeFiles/CMakeTmp

Run Build Command:/usr/bin/make "cmTryCompileExec3468249083/fast"
/usr/bin/make -f CMakeFiles/cmTryCompileExec3468249083.dir/build.make CMakeFiles/cmTryCompileExec3468249083.dir/build
make[1]: Entering directory `/home/user/my_catkin_ws/build/CMakeFiles/CMakeTmp'
/usr/bin/cmake -E cmake_progress_report /home/user/my_catkin_ws/build/CMakeFiles/CMakeTmp/CMakeFiles 1
Building C object CMakeFiles/cmTryCompileExec3468249083.dir/CheckFunctionExists.c.o
/usr/bin/cc   -DCHECK_FUNCTION_EXISTS=pthread_create   -o CMakeFiles/cmTryCompileExec3468249083.dir/CheckFunctionExists.c.o   -c /usr/share/cmake-2.8/Modules/CheckFunctionExists.c
Linking C executable cmTryCompileExec3468249083
/usr/bin/cmake -E cmake_link_script CMakeFiles/cmTryCompileExec3468249083.dir/link.txt --verbose=1
/usr/bin/cc   -DCHECK_FUNCTION_EXISTS=pthread_create    CMakeFiles/cmTryCompileExec3468249083.dir/CheckFunctionExists.c.o  -o cmTryCompileExec3468249083 -rdynamic -lpthreads 
/usr/bin/ld: cannot find -lpthreads
collect2: error: ld returned 1 exit status
make[1]: Leaving directory `/home/user/my_catkin_ws/build/CMakeFiles/CMakeTmp'
make[1]: *** [cmTryCompileExec3468249083] Error 1
make: *** [cmTryCompileExec3468249083/fast] Error 2


